生成启动时间为 2016/10/8 星期六 1:46:11。
     1>项目“F:\dev\workspace\FYP\Open-Haptics\OpenHaptics\OpenHaptics.vcxproj”在节点 2 上(build 个目标)。
     1>InitializeBuildStatus:
         正在对“Release\OpenHaptics.unsuccessfulbuild”执行 Touch 任务。
       ClCompile:
         所有输出均为最新。
       Link:
         E:\Microsoft Visual Studio 2010\VC\bin\link.exe /ERRORREPORT:PROMPT /OUT:"F:\dev\workspace\FYP\Open-Haptics\Release\OpenHaptics.exe" /NOLOGO /LIBPATH:\lib\Win32\Release /LIBPATH:\utilities\lib\Win32\Release /LIBPATH:\QuickHaptics\lib\Win32\Release hd.lib hdu.lib hl.lib hlu.lib hapticmouse.lib snapconstraints.lib Qh.lib QHWin32Wrapper.lib QHGLUTWrapper.lib glui32.lib glut32.lib kernel32.lib user32.lib gdi32.lib winspool.lib comdlg32.lib advapi32.lib shell32.lib ole32.lib oleaut32.lib uuid.lib odbc32.lib odbccp32.lib /MANIFEST /ManifestFile:"Release\OpenHaptics.exe.intermediate.manifest" /MANIFESTUAC:"level='asInvoker' uiAccess='false'" /DEBUG /PDB:"F:\dev\workspace\FYP\Open-Haptics\Release\OpenHaptics.pdb" /OPT:REF /OPT:ICF /LTCG /TLBID:1 /DYNAMICBASE /NXCOMPAT /IMPLIB:"F:\dev\workspace\FYP\Open-Haptics\Release\OpenHaptics.lib" /MACHINE:X86 Release\main.obj
         Release\Weight.obj
     1>main.obj : error LNK2001: 无法解析的外部符号 __imp__hdGetCurrentDevice@0
     1>main.obj : error LNK2001: 无法解析的外部符号 __imp__hdStopScheduler@0
     1>main.obj : error LNK2001: 无法解析的外部符号 __imp__hdSetDoublev@8
     1>main.obj : error LNK2001: 无法解析的外部符号 __imp__hdUnschedule@4
     1>main.obj : error LNK2001: 无法解析的外部符号 __imp__hdGetError@0
     1>main.obj : error LNK2001: 无法解析的外部符号 __imp__hdEndFrame@4
     1>main.obj : error LNK2001: 无法解析的外部符号 _hduIsSchedulerError
     1>main.obj : error LNK2001: 无法解析的外部符号 __imp__hdScheduleAsynchronous@12
     1>main.obj : error LNK2001: 无法解析的外部符号 __imp__hdDisableDevice@4
     1>main.obj : error LNK2001: 无法解析的外部符号 __imp__hdScheduleSynchronous@12
     1>main.obj : error LNK2001: 无法解析的外部符号 __imp__hdWaitForCompletion@8
     1>main.obj : error LNK2001: 无法解析的外部符号 __imp__hdInitDevice@4
     1>main.obj : error LNK2001: 无法解析的外部符号 __imp__hdBeginFrame@4
     1>main.obj : error LNK2001: 无法解析的外部符号 __imp__hdGetString@4
     1>main.obj : error LNK2001: 无法解析的外部符号 _hduPrintError
     1>main.obj : error LNK2001: 无法解析的外部符号 __imp__hdGetDoublev@8
     1>main.obj : error LNK2001: 无法解析的外部符号 __imp__hdEnable@4
     1>main.obj : error LNK2001: 无法解析的外部符号 __imp__hdStartScheduler@0
     1>F:\dev\workspace\FYP\Open-Haptics\Release\OpenHaptics.exe : fatal error LNK1120: 18 个无法解析的外部命令
     1>已完成生成项目“F:\dev\workspace\FYP\Open-Haptics\OpenHaptics\OpenHaptics.vcxproj”(build 个目标)的操作 - 失败。

生成失败。

已用时间 00:00:00.65
