C:\CNS\DEV\OpenHaptics\OpenHaptics\x64\Release\cl.command.1.tlog
C:\CNS\DEV\OpenHaptics\OpenHaptics\x64\Release\CL.read.1.tlog
C:\CNS\DEV\OpenHaptics\OpenHaptics\x64\Release\CL.write.1.tlog
C:\CNS\DEV\OpenHaptics\OpenHaptics\x64\Release\link.command.1.tlog
C:\CNS\DEV\OpenHaptics\OpenHaptics\x64\Release\link.read.1.tlog
C:\CNS\DEV\OpenHaptics\OpenHaptics\x64\Release\link.write.1.tlog
C:\CNS\DEV\OPENHAPTICS\OPENHAPTICS\X64\RELEASE\MAIN.OBJ
C:\CNS\DEV\OpenHaptics\OpenHaptics\x64\Release\mt.command.1.tlog
C:\CNS\DEV\OpenHaptics\OpenHaptics\x64\Release\mt.read.1.tlog
C:\CNS\DEV\OpenHaptics\OpenHaptics\x64\Release\mt.write.1.tlog
C:\CNS\DEV\OPENHAPTICS\OPENHAPTICS\X64\RELEASE\OPENHAPTICS.EXE.INTERMEDIATE.MANIFEST
C:\CNS\DEV\OpenHaptics\OpenHaptics\x64\Release\OpenHaptics.vcxprojResolveAssemblyReference.cache
C:\CNS\DEV\OpenHaptics\OpenHaptics\x64\Release\OpenHaptics.write.1.tlog
C:\CNS\DEV\OPENHAPTICS\OPENHAPTICS\X64\RELEASE\SIMPLESPHERE.OBJ
C:\CNS\DEV\OPENHAPTICS\OPENHAPTICS\X64\RELEASE\VC100.PDB
C:\CNS\DEV\OPENHAPTICS\OPENHAPTICS\X64\RELEASE\WEIGHT.OBJ
C:\CNS\DEV\OPENHAPTICS\X64\RELEASE\OPENHAPTICS.EXE
C:\CNS\DEV\OPENHAPTICS\X64\RELEASE\OPENHAPTICS.PDB
F:\DEV\WORKSPACE\FYP\OPEN-HAPTICS\OPENHAPTICS\X64\RELEASE\MAIN.OBJ
F:\DEV\WORKSPACE\FYP\OPEN-HAPTICS\OPENHAPTICS\X64\RELEASE\OPENHAPTICS.EXE.INTERMEDIATE.MANIFEST
F:\DEV\WORKSPACE\FYP\OPEN-HAPTICS\OPENHAPTICS\X64\RELEASE\VC100.PDB
F:\DEV\WORKSPACE\FYP\OPEN-HAPTICS\OPENHAPTICS\X64\RELEASE\WEIGHT.OBJ
F:\DEV\WORKSPACE\FYP\OPEN-HAPTICS\X64\RELEASE\OPENHAPTICS.EXE
F:\DEV\WORKSPACE\FYP\OPEN-HAPTICS\X64\RELEASE\OPENHAPTICS.PDB
